<?xml version="1.0" encoding="UTF-8"?>
<!-- Generated by org.testng.reporters.JUnitReportReporter -->
<testsuite hostname="CI-19554-3" name="TestClass2" tests="4" failures="0" timestamp="16 Mar 2016 20:47:53 GMT" time="0.003" errors="0">
  <testcase name="testMethod4" time="0.000" classname="TestClass2"/>
  <testcase name="testMethod3" time="0.001" classname="TestClass2"/>
  <testcase name="testMethod3" time="0.001" classname="TestClass2"/>
  <testcase name="testMethod4" time="0.001" classname="TestClass2"/>
</testsuite> <!-- TestClass2 -->
