<?xml version="1.0" encoding="UTF-8"?>
<!-- Generated by org.testng.reporters.JUnitReportReporter -->
<testsuite hostname="CI-19554-3" name="TestClass1" tests="2" failures="0" timestamp="16 Mar 2016 20:47:53 GMT" time="0.001" errors="0">
  <testcase name="testMethod1" time="0.000" classname="TestClass1"/>
  <testcase name="testMethod2" time="0.001" classname="TestClass1"/>
</testsuite> <!-- TestClass1 -->
